[debug] [2025-01-15T11:20:46.676Z] ----------------------------------------------------------------------
[debug] [2025-01-15T11:20:46.679Z] Command:       C:\Program Files\nodejs\node.exe C:\Users\Cosmina\AppData\Roaming\npm\node_modules\firebase-tools\lib\bin\firebase.js init
[debug] [2025-01-15T11:20:46.679Z] CLI Version:   13.29.1
[debug] [2025-01-15T11:20:46.679Z] Platform:      win32
[debug] [2025-01-15T11:20:46.679Z] Node Version:  v22.13.0
[debug] [2025-01-15T11:20:46.679Z] Time:          Wed Jan 15 2025 13:20:46 GMT+0200 (Eastern European Standard Time)
[debug] [2025-01-15T11:20:46.679Z] ----------------------------------------------------------------------
[debug] 
[debug] [2025-01-15T11:20:46.686Z] > command requires scopes: ["email","openid","https://www.googleapis.com/auth/cloudplatformprojects.readonly","https://www.googleapis.com/auth/firebase","https://www.googleapis.com/auth/cloud-platform"]
[debug] [2025-01-15T11:20:46.686Z] > authorizing via signed-in user (ioanacarnaru36@gmail.com)
[info] 
     ######## #### ########  ######## ########     ###     ######  ########
     ##        ##  ##     ## ##       ##     ##  ##   ##  ##       ##
     ######    ##  ########  ######   ########  #########  ######  ######
     ##        ##  ##    ##  ##       ##     ## ##     ##       ## ##
     ##       #### ##     ## ######## ########  ##     ##  ######  ########

You're about to initialize a Firebase project in this directory:

  C:\xampp\htdocs\final_project

Before we get started, keep in mind:

  * You are currently outside your home directory

[info] 
=== Project Setup
[info] 
[info] First, let's associate this project directory with a Firebase project.
[info] You can create multiple project aliases by running firebase use --add, 
[info] but for now we'll just set up a default project.
[info] 
[debug] [2025-01-15T11:21:20.202Z] Checked if tokens are valid: true, expires at: 1736942868444
[debug] [2025-01-15T11:21:20.202Z] Checked if tokens are valid: true, expires at: 1736942868444
[debug] [2025-01-15T11:21:20.203Z] >>> [apiv2][query] GET https://firebase.googleapis.com/v1beta1/projects pageSize=100
[debug] [2025-01-15T11:21:20.690Z] <<< [apiv2][status] GET https://firebase.googleapis.com/v1beta1/projects 200
[debug] [2025-01-15T11:21:20.690Z] <<< [apiv2][body] GET https://firebase.googleapis.com/v1beta1/projects [omitted]
[info] i  Using project delicious-bites-73486 (delicious-bites) 
[info] 
=== Dataconnect Setup
[debug] [2025-01-15T11:21:22.476Z] Checked if tokens are valid: true, expires at: 1736942868444
[debug] [2025-01-15T11:21:22.476Z] Checked if tokens are valid: true, expires at: 1736942868444
[debug] [2025-01-15T11:21:22.476Z] >>> [apiv2][query] GET https://cloudbilling.googleapis.com/v1/projects/delicious-bites-73486/billingInfo [none]
[debug] [2025-01-15T11:21:23.263Z] <<< [apiv2][status] GET https://cloudbilling.googleapis.com/v1/projects/delicious-bites-73486/billingInfo 200
[debug] [2025-01-15T11:21:23.263Z] <<< [apiv2][body] GET https://cloudbilling.googleapis.com/v1/projects/delicious-bites-73486/billingInfo {"name":"projects/delicious-bites-73486/billingInfo","projectId":"delicious-bites-73486","billingAccountName":"","billingEnabled":false}
[info] i  dataconnect: ensuring required API sqladmin.googleapis.com is enabled... 
[debug] [2025-01-15T11:21:23.264Z] Checked if tokens are valid: true, expires at: 1736942868444
[debug] [2025-01-15T11:21:23.264Z] Checked if tokens are valid: true, expires at: 1736942868444
[debug] [2025-01-15T11:21:23.264Z] >>> [apiv2][query] GET https://serviceusage.googleapis.com/v1/projects/delicious-bites-73486/services/sqladmin.googleapis.com [none]
[debug] [2025-01-15T11:21:23.264Z] >>> [apiv2][(partial)header] GET https://serviceusage.googleapis.com/v1/projects/delicious-bites-73486/services/sqladmin.googleapis.com x-goog-quota-user=projects/delicious-bites-73486
[debug] [2025-01-15T11:21:24.300Z] <<< [apiv2][status] GET https://serviceusage.googleapis.com/v1/projects/delicious-bites-73486/services/sqladmin.googleapis.com 200
[debug] [2025-01-15T11:21:24.300Z] <<< [apiv2][body] GET https://serviceusage.googleapis.com/v1/projects/delicious-bites-73486/services/sqladmin.googleapis.com [omitted]
[info] +  dataconnect: required API sqladmin.googleapis.com is enabled 
[info] i  dataconnect\dataconnect.yaml is unchanged 
[info] i  dataconnect\schema\schema.gql is unchanged 
[info] i  dataconnect\connector\connector.yaml is unchanged 
[info] i  dataconnect\connector\queries.gql is unchanged 
[info] i  dataconnect\connector\mutations.gql is unchanged 
[info] i  If you'd like to add the generated SDK to your app your, run firebase init dataconnect:sdk 
[info] i  If you'd like to provision a CloudSQL Postgres instance on the Firebase Data Connect no-cost trial:
1. Please upgrade to the pay-as-you-go (Blaze) billing plan. Visit the following page:
     https://console.firebase.google.com/project/delicious-bites-73486/usage/details
2. Run firebase init dataconnect again to configure the Cloud SQL instance.
3. Run firebase deploy --only dataconnect to deploy your Data Connect service. 
[info] 
=== Firestore Setup
[debug] [2025-01-15T11:21:24.306Z] Checked if tokens are valid: true, expires at: 1736942868444
[debug] [2025-01-15T11:21:24.306Z] Checked if tokens are valid: true, expires at: 1736942868444
[debug] [2025-01-15T11:21:24.306Z] >>> [apiv2][query] GET https://serviceusage.googleapis.com/v1/projects/delicious-bites-73486/services/firestore.googleapis.com [none]
[debug] [2025-01-15T11:21:24.306Z] >>> [apiv2][(partial)header] GET https://serviceusage.googleapis.com/v1/projects/delicious-bites-73486/services/firestore.googleapis.com x-goog-quota-user=projects/delicious-bites-73486
[debug] [2025-01-15T11:21:24.669Z] <<< [apiv2][status] GET https://serviceusage.googleapis.com/v1/projects/delicious-bites-73486/services/firestore.googleapis.com 200
[debug] [2025-01-15T11:21:24.669Z] <<< [apiv2][body] GET https://serviceusage.googleapis.com/v1/projects/delicious-bites-73486/services/firestore.googleapis.com [omitted]
[debug] [2025-01-15T11:21:24.669Z] Checked if tokens are valid: true, expires at: 1736942868444
[debug] [2025-01-15T11:21:24.669Z] Checked if tokens are valid: true, expires at: 1736942868444
[debug] [2025-01-15T11:21:24.670Z] >>> [apiv2][query] GET https://firestore.googleapis.com/v1/projects/delicious-bites-73486/databases/(default) [none]
[debug] [2025-01-15T11:21:24.941Z] <<< [apiv2][status] GET https://firestore.googleapis.com/v1/projects/delicious-bites-73486/databases/(default) 200
[debug] [2025-01-15T11:21:24.941Z] <<< [apiv2][body] GET https://firestore.googleapis.com/v1/projects/delicious-bites-73486/databases/(default) {"name":"projects/delicious-bites-73486/databases/(default)","uid":"3c9954ef-fffe-49d3-89fb-e85a37f1d92d","createTime":"2025-01-15T11:11:46.432551Z","updateTime":"2025-01-15T11:11:46.432551Z","locationId":"eur3","type":"FIRESTORE_NATIVE","concurrencyMode":"PESSIMISTIC","versionRetentionPeriod":"3600s","earliestVersionTime":"2025-01-15T11:11:46.432551Z","appEngineIntegrationMode":"DISABLED","keyPrefix":"e","pointInTimeRecoveryEnablement":"POINT_IN_TIME_RECOVERY_DISABLED","deleteProtectionState":"DELETE_PROTECTION_DISABLED","etag":"IK6i7IXO94oDMKf0m/LL94oD"}
[debug] [2025-01-15T11:21:24.941Z] database_type: FIRESTORE_NATIVE
[debug] [2025-01-15T11:21:24.941Z] database_type: FIRESTORE_NATIVE
[debug] [2025-01-15T11:21:24.941Z] > command requires scopes: ["email","openid","https://www.googleapis.com/auth/cloudplatformprojects.readonly","https://www.googleapis.com/auth/firebase","https://www.googleapis.com/auth/cloud-platform"]
[debug] [2025-01-15T11:21:24.941Z] > authorizing via signed-in user (ioanacarnaru36@gmail.com)
[debug] [2025-01-15T11:21:24.941Z] [iam] checking project delicious-bites-73486 for permissions ["firebase.projects.get"]
[debug] [2025-01-15T11:21:24.942Z] Checked if tokens are valid: true, expires at: 1736942868444
[debug] [2025-01-15T11:21:24.942Z] Checked if tokens are valid: true, expires at: 1736942868444
[debug] [2025-01-15T11:21:24.942Z] >>> [apiv2][query] POST https://cloudresourcemanager.googleapis.com/v1/projects/delicious-bites-73486:testIamPermissions [none]
[debug] [2025-01-15T11:21:24.942Z] >>> [apiv2][(partial)header] POST https://cloudresourcemanager.googleapis.com/v1/projects/delicious-bites-73486:testIamPermissions x-goog-quota-user=projects/delicious-bites-73486
[debug] [2025-01-15T11:21:24.942Z] >>> [apiv2][body] POST https://cloudresourcemanager.googleapis.com/v1/projects/delicious-bites-73486:testIamPermissions {"permissions":["firebase.projects.get"]}
[debug] [2025-01-15T11:21:25.730Z] <<< [apiv2][status] POST https://cloudresourcemanager.googleapis.com/v1/projects/delicious-bites-73486:testIamPermissions 200
[debug] [2025-01-15T11:21:25.730Z] <<< [apiv2][body] POST https://cloudresourcemanager.googleapis.com/v1/projects/delicious-bites-73486:testIamPermissions {"permissions":["firebase.projects.get"]}
[info] 
[info] Firestore Security Rules allow you to define how and when to allow
[info] requests. You can keep these rules in your project directory
[info] and publish them with firebase deploy.
[info] 
